12:  0.76491666
13:  0.7769667
14:  0.7021667
15:  0.83488333
16:  0.72694165
17:  0.8796333
18:  0.758225
19:  0.8684083
20:  0.87651664
21:  0.8674667
22:  0.9480917
23:  0.8801917
24:  0.897275
25:  0.97945
26:  0.8032
27:  0.85595834
28:  0.82741666
29:  0.8758583
30:  0.91581666
31:  0.9496667
32:  0.952425
33:  0.88354164
34:  0.78305
35:  0.6548
36:  0.592575
37:  0.39045
38:  0.7135083
39:  0.8942083
40:  0.753625
41:  0.7525667
42:  0.57140833
43:  0.34455
44:  0.47788334
45:  0.90323335
46:  0.94193333
47:  0.9654775
48:  0.8938917
49:  0.6302247
50:  0.55574167
51:  0.95469165
52:  0.90150833
53:  0.9017917
54:  0.9404
55:  0.99553335
56:  0.87755835
57:  0.86029166
58:  0.85373336
59:  0.82005
60:  0.92646664
61:  0.8313015
62:  0.87855804
63:  0.7803371
64:  0.715525
65:  0.6675
66:  0.75755835
67:  0.90178335
68:  0.7099583
69:  0.95010835
70:  0.98408335
71:  0.8353083
72:  0.59589165
73:  0.717
74:  0.929125
75:  0.86855835
76:  0.87639165
77:  0.93635
78:  0.9171583
79:  0.609325
80:  0.83128333
81:  0.794375
82:  0.76718163
83:  0.9208083
84:  0.62808335
85:  0.88105834
86:  0.8785167
87:  0.69925
88:  0.377175
89:  0.64124167
90:  0.9261583
91:  0.9343167
92:  0.64846665
93:  0.955309
94:  0.9473315
95:  0.7123917
96:  0.82929164
97:  0.86535
98:  0.92443335
99:  0.7925083
100:  0.8504417
101:  0.746375

mean: 0.8076594
