7.32664286883338
8.40104177253549
7.428841480107038
6.761227191805566
6.700200618085972
8.17177783746136
6.779785402732425
7.583203422633523
7.896843816714643
8.033058603591094
4.539986533847665
7.1326640810391755
7.327832045851425
6.1494859647090685
2.9788664737907045
9.053816271263113
8.070205762325585
6.944153168407208
6.012556835996253
7.26695786678377
7.454684515413993
7.166791413649113
5.172213513322367
7.914479547854007
6.710072010096408
7.407628263410917
6.645244029522519
6.339354538199482
7.883823458505605
7.031243791704855
4.050127060071671
6.325686626011742
7.102472343252249
8.1895586952553
6.797363030012601
10.243370638955929
5.332429907630638
6.1247376253270245
6.747903238342148
7.950028191048984
5.229137454045577
6.1739986352945095
6.836036176221454
7.761550751984003
7.818700500862973
6.672741084255743
4.868873310870677
5.92754832094945
7.230087871954605
8.552479476081633
7.2345254426645855
7.5928500952070745
5.945320149242482
7.156415114094383
2.13823346181742
8.537828980931726
4.291593133254122
8.183950567829948
8.849289991364072
7.143462006749147
6.356014368651986
7.550292167662489
5.921135677715564
7.771310914102819
8.171450185802394
7.048681438449556
7.6224810613571305
7.8619778668118645
6.9629309131603785
8.434752795775061
7.995640769125729
6.8325729261762485
7.385393617724082
7.273334495305435
5.978461564655952
5.25001425906432
6.628111684365991
8.732718478443077
6.522668098328047
8.607126781628399
8.101022354083687
7.588078853422297
7.242732555045003
3.2393885102335758
7.022275178387209
8.088801551904286
6.375524912904076
7.252296127033453
6.433547094415296
7.633182201578694
9.169398047517632
7.2059557265881145
7.698063764750404
6.989919153302092
6.5090276855953695
7.985215702383555
6.076132113756735
6.75472941090214
7.488033339455012
7.500008879638932
