6.762677397221649
7.82769381438364
6.587704219708799
7.78811577795388
7.97664693823715
5.742385268261896
6.361255971851224
7.739256418110672
7.4102053001559955
6.67806624939286
7.424973844243733
8.53229747946126
7.32764019632066
8.5680801137926
6.554566502319607
6.6773682549735485
7.382634726911495
8.272321377631986
7.513848457793791
7.39488514264876
7.821376284992424
8.01956109413219
7.344925984990013
8.138488032151894
7.641578399572711
6.322780595529836
6.4435441499704265
8.106377260112021
7.777652523349588
7.848950326142406
7.305317289480028
8.898034661891776
8.281457326652264
6.505979740404055
7.774763517511382
6.813112759189196
6.513346717271592
5.8815910677936785
7.387222807082073
6.361879508046565
7.27789321516676
7.566159289554079
7.283092602048819
6.658622567317558
6.510856848962661
5.743211790587959
6.249073591756935
8.637338555639738
8.107084330146119
7.046448266418848
7.094680537236152
6.7417852475975275
6.65969105845136
6.9206237882697605
6.547929644073453
7.602449526388254
6.470952543844073
6.653212257035202
6.5974876064470775
7.208730830523062
7.3590174010869465
6.813112759189196
7.8597152158003665
7.671879049055388
6.599444147090417
7.598723257061063
7.675114695072432
7.428926060620236
7.854200762662557
7.954628208574412
7.043612605257582
8.698686712469417
8.033491669638908
6.384192347019212
7.643640504564546
